<?xml version="1.0" encoding="UTF-8"?>
<!-- Generated by org.testng.reporters.JUnitXMLReporter -->
<testsuite ignored="0" hostname="LAPTOP-225BNQAP" failures="0" tests="6" name="ChromeTest" time="0.08" errors="0" timestamp="2024-11-07T16:26:48 IST">
  <testcase classname="com.Ecommerce.InstaSnap.productTest.VerifyElectronicProduct" name="createProduct" time="0.007"/>
  <testcase classname="com.Ecommerce.InstaSnap.productTest.VerifyElectronicProduct" name="updateproduct" time="0.001"/>
  <testcase classname="com.Ecommerce.InstaSnap.productTest.VerifyElectronicProduct" name="updateproduct" time="0.003"/>
  <testcase classname="com.Ecommerce.InstaSnap.productTest.VerifyKidsProduct" name="createProduct" time="0.003"/>
  <testcase classname="com.Ecommerce.InstaSnap.productTest.VerifyKidsProduct" name="updateproduct" time="0.002"/>
  <testcase classname="com.Ecommerce.InstaSnap.productTest.VerifyKidsProduct" name="updateproduct" time="0.001"/>
</testsuite> <!-- ChromeTest -->
