<?xml version="1.0" encoding="UTF-8"?>
<!-- Generated by org.testng.reporters.JUnitXMLReporter -->
<testsuite ignored="1" hostname="LAPTOP-225BNQAP" failures="0" tests="1" name="Default test" time="0.039" errors="0" timestamp="2024-11-07T16:03:56 IST">
  <testcase classname="com.Ecommerce.InstaSnap.productTest.VerifyElectronicProduct" name="createProduct" time="0.01"/>
  <testcase classname="com.Ecommerce.InstaSnap.productTest.VerifyElectronicProduct" name="updateproduct" time="0.0">
    <ignored/>
  </testcase> <!-- updateproduct -->
</testsuite> <!-- Default test -->
