<?xml version="1.0" encoding="UTF-8"?>
<testng-results ignored="0" total="6" passed="6" failed="0" skipped="0">
  <reporter-output>
    <line>
      <![CDATA[browser launched Successfully]]>
    </line>
    <line>
      <![CDATA[login sucessfully]]>
    </line>
    <line>
      <![CDATA[Electronic product created]]>
    </line>
    <line>
      <![CDATA[logout sucessfully]]>
    </line>
    <line>
      <![CDATA[login sucessfully]]>
    </line>
    <line>
      <![CDATA[Electonic product updated]]>
    </line>
    <line>
      <![CDATA[logout sucessfully]]>
    </line>
    <line>
      <![CDATA[login sucessfully]]>
    </line>
    <line>
      <![CDATA[Electonic product updated]]>
    </line>
    <line>
      <![CDATA[logout sucessfully]]>
    </line>
    <line>
      <![CDATA[browser closed Sucessfully]]>
    </line>
    <line>
      <![CDATA[browser launched Successfully]]>
    </line>
    <line>
      <![CDATA[login sucessfully]]>
    </line>
    <line>
      <![CDATA[kids product created]]>
    </line>
    <line>
      <![CDATA[logout sucessfully]]>
    </line>
    <line>
      <![CDATA[login sucessfully]]>
    </line>
    <line>
      <![CDATA[kids product updated]]>
    </line>
    <line>
      <![CDATA[logout sucessfully]]>
    </line>
    <line>
      <![CDATA[login sucessfully]]>
    </line>
    <line>
      <![CDATA[kids product updated]]>
    </line>
    <line>
      <![CDATA[logout sucessfully]]>
    </line>
    <line>
      <![CDATA[browser closed Sucessfully]]>
    </line>
  </reporter-output>
  <suite started-at="2024-11-07T16:26:48 IST" name="regressionsuit" finished-at="2024-11-07T16:26:48 IST" duration-ms="80">
    <groups>
    </groups>
    <test started-at="2024-11-07T16:26:48 IST" name="ChromeTest" finished-at="2024-11-07T16:26:48 IST" duration-ms="80">
      <class name="com.Ecommerce.InstaSnap.productTest.VerifyElectronicProduct">
        <test-method is-config="true" signature="browsersetup()[pri:0, instance:com.Ecommerce.InstaSnap.productTest.VerifyElectronicProduct@5824a83d]" started-at="2024-11-07T16:26:48 IST" name="browsersetup" finished-at="2024-11-07T16:26:48 IST" duration-ms="6" status="PASS">
          <reporter-output>
            <line>
              <![CDATA[browser launched Successfully]]>
            </line>
          </reporter-output>
        </test-method> <!-- browsersetup -->
        <test-method is-config="true" signature="login()[pri:0, instance:com.Ecommerce.InstaSnap.productTest.VerifyElectronicProduct@5824a83d]" started-at="2024-11-07T16:26:48 IST" name="login" finished-at="2024-11-07T16:26:48 IST" duration-ms="0" status="PASS">
          <reporter-output>
            <line>
              <![CDATA[login sucessfully]]>
            </line>
          </reporter-output>
        </test-method> <!-- login -->
        <test-method signature="createProduct()[pri:1, instance:com.Ecommerce.InstaSnap.productTest.VerifyElectronicProduct@5824a83d]" started-at="2024-11-07T16:26:48 IST" name="createProduct" finished-at="2024-11-07T16:26:48 IST" duration-ms="7" status="PASS">
          <reporter-output>
            <line>
              <![CDATA[Electronic product created]]>
            </line>
          </reporter-output>
        </test-method> <!-- createProduct -->
        <test-method is-config="true" signature="logout()[pri:0, instance:com.Ecommerce.InstaSnap.productTest.VerifyElectronicProduct@5824a83d]" started-at="2024-11-07T16:26:48 IST" name="logout" finished-at="2024-11-07T16:26:48 IST" duration-ms="0" status="PASS">
          <reporter-output>
            <line>
              <![CDATA[logout sucessfully]]>
            </line>
          </reporter-output>
        </test-method> <!-- logout -->
        <test-method is-config="true" signature="login()[pri:0, instance:com.Ecommerce.InstaSnap.productTest.VerifyElectronicProduct@5824a83d]" started-at="2024-11-07T16:26:48 IST" name="login" finished-at="2024-11-07T16:26:48 IST" duration-ms="1" status="PASS">
          <reporter-output>
            <line>
              <![CDATA[login sucessfully]]>
            </line>
          </reporter-output>
        </test-method> <!-- login -->
        <test-method signature="updateproduct()[pri:2, instance:com.Ecommerce.InstaSnap.productTest.VerifyElectronicProduct@5824a83d]" started-at="2024-11-07T16:26:48 IST" name="updateproduct" finished-at="2024-11-07T16:26:48 IST" depends-on-methods="com.Ecommerce.InstaSnap.productTest.VerifyElectronicProduct.createProduct" duration-ms="1" status="PASS">
          <reporter-output>
            <line>
              <![CDATA[Electonic product updated]]>
            </line>
          </reporter-output>
        </test-method> <!-- updateproduct -->
        <test-method is-config="true" signature="logout()[pri:0, instance:com.Ecommerce.InstaSnap.productTest.VerifyElectronicProduct@5824a83d]" started-at="2024-11-07T16:26:48 IST" name="logout" finished-at="2024-11-07T16:26:48 IST" duration-ms="0" status="PASS">
          <reporter-output>
            <line>
              <![CDATA[logout sucessfully]]>
            </line>
          </reporter-output>
        </test-method> <!-- logout -->
        <test-method is-config="true" signature="login()[pri:0, instance:com.Ecommerce.InstaSnap.productTest.VerifyElectronicProduct@5824a83d]" started-at="2024-11-07T16:26:48 IST" name="login" finished-at="2024-11-07T16:26:48 IST" duration-ms="1" status="PASS">
          <reporter-output>
            <line>
              <![CDATA[login sucessfully]]>
            </line>
          </reporter-output>
        </test-method> <!-- login -->
        <test-method signature="updateproduct()[pri:2, instance:com.Ecommerce.InstaSnap.productTest.VerifyElectronicProduct@5824a83d]" started-at="2024-11-07T16:26:48 IST" name="updateproduct" finished-at="2024-11-07T16:26:48 IST" depends-on-methods="com.Ecommerce.InstaSnap.productTest.VerifyElectronicProduct.createProduct" duration-ms="3" status="PASS">
          <reporter-output>
            <line>
              <![CDATA[Electonic product updated]]>
            </line>
          </reporter-output>
        </test-method> <!-- updateproduct -->
        <test-method is-config="true" signature="logout()[pri:0, instance:com.Ecommerce.InstaSnap.productTest.VerifyElectronicProduct@5824a83d]" started-at="2024-11-07T16:26:48 IST" name="logout" finished-at="2024-11-07T16:26:48 IST" duration-ms="0" status="PASS">
          <reporter-output>
            <line>
              <![CDATA[logout sucessfully]]>
            </line>
          </reporter-output>
        </test-method> <!-- logout -->
        <test-method is-config="true" signature="terminatesrowser()[pri:0, instance:com.Ecommerce.InstaSnap.productTest.VerifyElectronicProduct@5824a83d]" started-at="2024-11-07T16:26:48 IST" name="terminatesrowser" finished-at="2024-11-07T16:26:48 IST" duration-ms="1" status="PASS">
          <reporter-output>
            <line>
              <![CDATA[browser closed Sucessfully]]>
            </line>
          </reporter-output>
        </test-method> <!-- terminatesrowser -->
      </class> <!-- com.Ecommerce.InstaSnap.productTest.VerifyElectronicProduct -->
      <class name="com.Ecommerce.InstaSnap.productTest.VerifyKidsProduct">
        <test-method is-config="true" signature="browsersetup()[pri:0, instance:com.Ecommerce.InstaSnap.productTest.VerifyKidsProduct@791f145a]" started-at="2024-11-07T16:26:48 IST" name="browsersetup" finished-at="2024-11-07T16:26:48 IST" duration-ms="1" status="PASS">
          <reporter-output>
            <line>
              <![CDATA[browser launched Successfully]]>
            </line>
          </reporter-output>
        </test-method> <!-- browsersetup -->
        <test-method is-config="true" signature="login()[pri:0, instance:com.Ecommerce.InstaSnap.productTest.VerifyKidsProduct@791f145a]" started-at="2024-11-07T16:26:48 IST" name="login" finished-at="2024-11-07T16:26:48 IST" duration-ms="0" status="PASS">
          <reporter-output>
            <line>
              <![CDATA[login sucessfully]]>
            </line>
          </reporter-output>
        </test-method> <!-- login -->
        <test-method signature="createProduct()[pri:1, instance:com.Ecommerce.InstaSnap.productTest.VerifyKidsProduct@791f145a]" started-at="2024-11-07T16:26:48 IST" name="createProduct" finished-at="2024-11-07T16:26:48 IST" duration-ms="3" status="PASS">
          <reporter-output>
            <line>
              <![CDATA[kids product created]]>
            </line>
          </reporter-output>
        </test-method> <!-- createProduct -->
        <test-method is-config="true" signature="logout()[pri:0, instance:com.Ecommerce.InstaSnap.productTest.VerifyKidsProduct@791f145a]" started-at="2024-11-07T16:26:48 IST" name="logout" finished-at="2024-11-07T16:26:48 IST" duration-ms="1" status="PASS">
          <reporter-output>
            <line>
              <![CDATA[logout sucessfully]]>
            </line>
          </reporter-output>
        </test-method> <!-- logout -->
        <test-method is-config="true" signature="login()[pri:0, instance:com.Ecommerce.InstaSnap.productTest.VerifyKidsProduct@791f145a]" started-at="2024-11-07T16:26:48 IST" name="login" finished-at="2024-11-07T16:26:48 IST" duration-ms="0" status="PASS">
          <reporter-output>
            <line>
              <![CDATA[login sucessfully]]>
            </line>
          </reporter-output>
        </test-method> <!-- login -->
        <test-method signature="updateproduct()[pri:2, instance:com.Ecommerce.InstaSnap.productTest.VerifyKidsProduct@791f145a]" started-at="2024-11-07T16:26:48 IST" name="updateproduct" finished-at="2024-11-07T16:26:48 IST" depends-on-methods="com.Ecommerce.InstaSnap.productTest.VerifyKidsProduct.createProduct" duration-ms="2" status="PASS">
          <reporter-output>
            <line>
              <![CDATA[kids product updated]]>
            </line>
          </reporter-output>
        </test-method> <!-- updateproduct -->
        <test-method is-config="true" signature="logout()[pri:0, instance:com.Ecommerce.InstaSnap.productTest.VerifyKidsProduct@791f145a]" started-at="2024-11-07T16:26:48 IST" name="logout" finished-at="2024-11-07T16:26:48 IST" duration-ms="0" status="PASS">
          <reporter-output>
            <line>
              <![CDATA[logout sucessfully]]>
            </line>
          </reporter-output>
        </test-method> <!-- logout -->
        <test-method is-config="true" signature="login()[pri:0, instance:com.Ecommerce.InstaSnap.productTest.VerifyKidsProduct@791f145a]" started-at="2024-11-07T16:26:48 IST" name="login" finished-at="2024-11-07T16:26:48 IST" duration-ms="0" status="PASS">
          <reporter-output>
            <line>
              <![CDATA[login sucessfully]]>
            </line>
          </reporter-output>
        </test-method> <!-- login -->
        <test-method signature="updateproduct()[pri:2, instance:com.Ecommerce.InstaSnap.productTest.VerifyKidsProduct@791f145a]" started-at="2024-11-07T16:26:48 IST" name="updateproduct" finished-at="2024-11-07T16:26:48 IST" depends-on-methods="com.Ecommerce.InstaSnap.productTest.VerifyKidsProduct.createProduct" duration-ms="1" status="PASS">
          <reporter-output>
            <line>
              <![CDATA[kids product updated]]>
            </line>
          </reporter-output>
        </test-method> <!-- updateproduct -->
        <test-method is-config="true" signature="logout()[pri:0, instance:com.Ecommerce.InstaSnap.productTest.VerifyKidsProduct@791f145a]" started-at="2024-11-07T16:26:48 IST" name="logout" finished-at="2024-11-07T16:26:48 IST" duration-ms="0" status="PASS">
          <reporter-output>
            <line>
              <![CDATA[logout sucessfully]]>
            </line>
          </reporter-output>
        </test-method> <!-- logout -->
        <test-method is-config="true" signature="terminatesrowser()[pri:0, instance:com.Ecommerce.InstaSnap.productTest.VerifyKidsProduct@791f145a]" started-at="2024-11-07T16:26:48 IST" name="terminatesrowser" finished-at="2024-11-07T16:26:48 IST" duration-ms="0" status="PASS">
          <reporter-output>
            <line>
              <![CDATA[browser closed Sucessfully]]>
            </line>
          </reporter-output>
        </test-method> <!-- terminatesrowser -->
      </class> <!-- com.Ecommerce.InstaSnap.productTest.VerifyKidsProduct -->
    </test> <!-- ChromeTest -->
  </suite> <!-- regressionsuit -->
</testng-results>
